{"logTime": "0122/234154", "correlationVector":"gHSaEFB/XCZaExMpe87b8x.38","action":"GetUpdates", "result":"DeleteReceived", "context":{"id":"3b7f8869-19b6-43e0-a994-a056f80ffa4c", "isDeleted:":"true", "version":"1674148148589"}}
{"logTime": "0122/234154", "correlationVector":"gHSaEFB/XCZaExMpe87b8x.39","action":"GetUpdates", "result":"DeleteReceived", "context":{"id":"027b59b9-8adb-49f1-a40e-82f54d4f00bf", "isDeleted:":"true", "version":"1674148148591"}}
{"logTime": "0122/234154", "correlationVector":"gHSaEFB/XCZaExMpe87b8x.40","action":"GetUpdates", "result":"DeleteReceived", "context":{"id":"18e8cc7d-082c-45ef-bc5a-8a2c1c75fbc4", "isDeleted:":"true", "version":"1674148219398"}}
{"logTime": "0122/234154", "correlationVector":"gHSaEFB/XCZaExMpe87b8x.41","action":"GetUpdates", "result":"DeleteReceived", "context":{"id":"bfe20659-6419-4871-8e75-d7c33d3d63d3", "isDeleted:":"true", "version":"1674148503171"}}
{"logTime": "0122/234154", "correlationVector":"gHSaEFB/XCZaExMpe87b8x.42","action":"GetUpdates", "result":"DeleteReceived", "context":{"id":"b537746a-629e-4915-9a83-0551195946c4", "isDeleted:":"true", "version":"1674148503173"}}
{"logTime": "0122/234154", "correlationVector":"gHSaEFB/XCZaExMpe87b8x.43","action":"GetUpdates", "result":"DeleteReceived", "context":{"id":"1b04f98b-d237-432c-a440-0759cc1a542a", "isDeleted:":"true", "version":"1674148503174"}}
{"logTime": "0122/234154", "correlationVector":"gHSaEFB/XCZaExMpe87b8x.44","action":"GetUpdates", "result":"DeleteReceived", "context":{"id":"2d24f274-f653-4715-9d58-149368039a49", "isDeleted:":"true", "version":"1674148804069"}}
{"logTime": "0122/234154", "correlationVector":"gHSaEFB/XCZaExMpe87b8x.45","action":"GetUpdates", "result":"DeleteReceived", "context":{"id":"bb490b44-be39-4e7a-b690-f755046b82d8", "isDeleted:":"true", "version":"1674148804070"}}
{"logTime": "0122/234154", "correlationVector":"gHSaEFB/XCZaExMpe87b8x.46","action":"GetUpdates", "result":"DeleteReceived", "context":{"id":"80ec616b-74b2-4deb-b0f3-01aac8e6d973", "isDeleted:":"true", "version":"1674148804071"}}
{"logTime": "0122/234154", "correlationVector":"gHSaEFB/XCZaExMpe87b8x.47","action":"GetUpdates", "result":"DeleteReceived", "context":{"id":"0e720b2a-cff5-4596-a4e5-5c955d7e09d3", "isDeleted:":"true", "version":"1674148804072"}}
{"logTime": "0122/234154", "correlationVector":"gHSaEFB/XCZaExMpe87b8x.48","action":"GetUpdates", "result":"DeleteReceived", "context":{"id":"39dc0690-11fb-4376-9cb7-4d98f02a910d", "isDeleted:":"true", "version":"1674148910309"}}
{"logTime": "0122/234154", "correlationVector":"gHSaEFB/XCZaExMpe87b8x.49","action":"GetUpdates", "result":"DeleteReceived", "context":{"id":"c69efd4b-f1d7-4986-bcad-6ee23140ccbb", "isDeleted:":"true", "version":"1674149302996"}}
{"logTime": "0122/234154", "correlationVector":"gHSaEFB/XCZaExMpe87b8x.50","action":"GetUpdates", "result":"DeleteReceived", "context":{"id":"b773752b-d0a1-4df4-9be0-1208f9941da2", "isDeleted:":"true", "version":"1674149302998"}}
{"logTime": "0122/234154", "correlationVector":"gHSaEFB/XCZaExMpe87b8x.51","action":"GetUpdates", "result":"DeleteReceived", "context":{"id":"bbef72e6-6624-42b2-ad7e-887ada0e7b28", "isDeleted:":"true", "version":"1674149302999"}}
{"logTime": "0122/234154", "correlationVector":"gHSaEFB/XCZaExMpe87b8x.52","action":"GetUpdates", "result":"DeleteReceived", "context":{"id":"02ca2ec4-21df-4847-a519-88855b4b7a21", "isDeleted:":"true", "version":"1674150468610"}}
{"logTime": "0122/234154", "correlationVector":"gHSaEFB/XCZaExMpe87b8x.53","action":"GetUpdates", "result":"DeleteReceived", "context":{"id":"d4d97f87-db32-4caf-bf87-14e2ab46e3c5", "isDeleted:":"true", "version":"1674150468611"}}
{"logTime": "0122/234154", "correlationVector":"gHSaEFB/XCZaExMpe87b8x.54","action":"GetUpdates", "result":"DeleteReceived", "context":{"id":"6269657f-e5c8-4767-9b14-fc5aeaee3b50", "isDeleted:":"true", "version":"1674150564749"}}
{"logTime": "0122/234154", "correlationVector":"gHSaEFB/XCZaExMpe87b8x.55","action":"GetUpdates", "result":"DeleteReceived", "context":{"id":"e8ad67be-745e-43c5-a42a-ef6c958dd0e8", "isDeleted:":"true", "version":"1674150849902"}}
{"logTime": "0122/234154", "correlationVector":"gHSaEFB/XCZaExMpe87b8x.56","action":"GetUpdates", "result":"DeleteReceived", "context":{"id":"a41fd49f-e638-4b83-a742-3fa40c4ceca6", "isDeleted:":"true", "version":"1674150849903"}}
{"logTime": "0122/234154", "correlationVector":"gHSaEFB/XCZaExMpe87b8x.57","action":"GetUpdates", "result":"DeleteReceived", "context":{"id":"21285d34-3eae-4055-92f3-c972d376d8a4", "isDeleted:":"true", "version":"1674150849905"}}
{"logTime": "0122/234154", "correlationVector":"gHSaEFB/XCZaExMpe87b8x.58","action":"GetUpdates", "result":"DeleteReceived", "context":{"id":"03a34c4a-c1d7-4eb1-8a77-1ff255484069", "isDeleted:":"true", "version":"1674150849906"}}
{"logTime": "0122/234154", "correlationVector":"gHSaEFB/XCZaExMpe87b8x.59","action":"GetUpdates", "result":"DeleteReceived", "context":{"id":"468462fd-e327-4a7e-b2d9-4514f9d09efb", "isDeleted:":"true", "version":"1674150849907"}}
{"logTime": "0122/234154", "correlationVector":"gHSaEFB/XCZaExMpe87b8x.60","action":"GetUpdates", "result":"DeleteReceived", "context":{"id":"024a4d0c-903b-4ff4-8dc3-b811a33722d8", "isDeleted:":"true", "version":"1674150849908"}}
{"logTime": "0122/234154", "correlationVector":"gHSaEFB/XCZaExMpe87b8x.61","action":"GetUpdates", "result":"DeleteReceived", "context":{"id":"75ad4076-2ecc-4006-b129-22d1179a6e7a", "isDeleted:":"true", "version":"1674153946035"}}
{"logTime": "0122/234154", "correlationVector":"gHSaEFB/XCZaExMpe87b8x.62","action":"GetUpdates", "result":"DeleteReceived", "context":{"id":"26405a75-df6d-4872-a4ed-7058f50f0341", "isDeleted:":"true", "version":"1674153979837"}}
{"logTime": "0122/234154", "correlationVector":"gHSaEFB/XCZaExMpe87b8x.63","action":"GetUpdates", "result":"DeleteReceived", "context":{"id":"79466211-e8a8-4def-b269-614720ee6b24", "isDeleted:":"true", "version":"1674156105996"}}
{"logTime": "0122/234154", "correlationVector":"gHSaEFB/XCZaExMpe87b8x.64","action":"GetUpdates", "result":"DeleteReceived", "context":{"id":"b21f61ed-8bfc-4530-8b8e-f195ee852e87", "isDeleted:":"true", "version":"1674156831734"}}
{"logTime": "0122/234154", "correlationVector":"gHSaEFB/XCZaExMpe87b8x.65","action":"GetUpdates", "result":"DeleteReceived", "context":{"id":"025f0ee8-8d62-4834-8915-a8367da54150", "isDeleted:":"true", "version":"1674156831736"}}
{"logTime": "0122/234154", "correlationVector":"gHSaEFB/XCZaExMpe87b8x.66","action":"GetUpdates", "result":"DeleteReceived", "context":{"id":"7e2d5e1a-1228-4078-b44b-ac72bdb37462", "isDeleted:":"true", "version":"1674158084746"}}
{"logTime": "0122/234154", "correlationVector":"gHSaEFB/XCZaExMpe87b8x.67","action":"GetUpdates", "result":"DeleteReceived", "context":{"id":"0c26848d-2c92-43d9-9cd7-be166b1aec5d", "isDeleted:":"true", "version":"1674158794394"}}
{"logTime": "0122/234154", "correlationVector":"gHSaEFB/XCZaExMpe87b8x.68","action":"GetUpdates", "result":"DeleteReceived", "context":{"id":"a512f746-b277-45ea-9e11-89fafa5e7f50", "isDeleted:":"true", "version":"1674159651922"}}
{"logTime": "0122/234154", "correlationVector":"gHSaEFB/XCZaExMpe87b8x.69","action":"GetUpdates", "result":"DeleteReceived", "context":{"id":"0c708034-8279-4e07-ae9a-e105c32f896f", "isDeleted:":"true", "version":"1674159651923"}}
{"logTime": "0122/234154", "correlationVector":"gHSaEFB/XCZaExMpe87b8x.70","action":"GetUpdates", "result":"DeleteReceived", "context":{"id":"3ce36114-6093-4c14-87b5-3c801caddbce", "isDeleted:":"true", "version":"1674159651925"}}
{"logTime": "0122/234154", "correlationVector":"gHSaEFB/XCZaExMpe87b8x.71","action":"GetUpdates", "result":"DeleteReceived", "context":{"id":"d390676c-5651-4309-be61-737bfc203a13", "isDeleted:":"true", "version":"1674164025238"}}
{"logTime": "0122/234154", "correlationVector":"gHSaEFB/XCZaExMpe87b8x.72","action":"GetUpdates", "result":"DeleteReceived", "context":{"id":"8b2513b3-e423-4cbe-a2b4-2f31d121a31a", "isDeleted:":"true", "version":"1674168239212"}}
{"logTime": "0122/234154", "correlationVector":"gHSaEFB/XCZaExMpe87b8x.73","action":"GetUpdates", "result":"DeleteReceived", "context":{"id":"7e0be56a-e059-4ed3-9c30-bbfabbfbc53c", "isDeleted:":"true", "version":"1674168239213"}}
{"logTime": "0122/234154", "correlationVector":"gHSaEFB/XCZaExMpe87b8x.74","action":"GetUpdates", "result":"DeleteReceived", "context":{"id":"734e07de-3347-4ff3-ac5e-35e629b1130d", "isDeleted:":"true", "version":"1674168628104"}}
{"logTime": "0122/234154", "correlationVector":"gHSaEFB/XCZaExMpe87b8x.75","action":"GetUpdates", "result":"DeleteReceived", "context":{"id":"df27444f-38cf-46ac-b632-fbab7887bab0", "isDeleted:":"true", "version":"1674170345206"}}
{"logTime": "0122/234154", "correlationVector":"gHSaEFB/XCZaExMpe87b8x.76","action":"GetUpdates", "result":"DeleteReceived", "context":{"id":"4557383d-8f33-47c7-a50d-d45669ec0f71", "isDeleted:":"true", "version":"1674171213932"}}
{"logTime": "0122/234154", "correlationVector":"gHSaEFB/XCZaExMpe87b8x.77","action":"GetUpdates", "result":"DeleteReceived", "context":{"id":"851957e9-f5c6-45d3-a96d-880ba996d547", "isDeleted:":"true", "version":"1674171313810"}}
{"logTime": "0122/234154", "correlationVector":"gHSaEFB/XCZaExMpe87b8x.78","action":"GetUpdates", "result":"DeleteReceived", "context":{"id":"7f7d45b0-d8c0-4173-b627-25b41ae74e64", "isDeleted:":"true", "version":"1674171365300"}}
{"logTime": "0122/234154", "correlationVector":"gHSaEFB/XCZaExMpe87b8x.79","action":"GetUpdates", "result":"DeleteReceived", "context":{"id":"0e4c2110-35b5-4258-adfd-97493be2cfb7", "isDeleted:":"true", "version":"1674171873021"}}
{"logTime": "0122/234154", "correlationVector":"gHSaEFB/XCZaExMpe87b8x.80","action":"GetUpdates", "result":"DeleteReceived", "context":{"id":"226171ad-7df0-4a4a-99d8-e38fee0f5bd9", "isDeleted:":"true", "version":"1674172077498"}}
{"logTime": "0122/234154", "correlationVector":"gHSaEFB/XCZaExMpe87b8x.81","action":"GetUpdates", "result":"DeleteReceived", "context":{"id":"c79ca5cf-8d1f-4118-a6ac-7f509b6bf85f", "isDeleted:":"true", "version":"1674172077500"}}
{"logTime": "0122/234154", "correlationVector":"gHSaEFB/XCZaExMpe87b8x.82","action":"GetUpdates", "result":"DeleteReceived", "context":{"id":"8c16c27e-915a-4df8-8e4d-3b90b8d73b35", "isDeleted:":"true", "version":"1674172964283"}}
{"logTime": "0122/234154", "correlationVector":"gHSaEFB/XCZaExMpe87b8x.83","action":"GetUpdates", "result":"DeleteReceived", "context":{"id":"ada1bb69-8e37-4551-bef2-8c25f501614d", "isDeleted:":"true", "version":"1674176247313"}}
{"logTime": "0122/234154", "correlationVector":"gHSaEFB/XCZaExMpe87b8x.84","action":"GetUpdates", "result":"DeleteReceived", "context":{"id":"da2a2f4e-ee58-4c3f-b5cc-200a8e95ce91", "isDeleted:":"true", "version":"1674176422668"}}
{"logTime": "0122/234154", "correlationVector":"gHSaEFB/XCZaExMpe87b8x.85","action":"GetUpdates", "result":"DeleteReceived", "context":{"id":"3314a7f2-f376-4d94-ba08-02984a8a4579", "isDeleted:":"true", "version":"1674176501929"}}
{"logTime": "0122/234154", "correlationVector":"gHSaEFB/XCZaExMpe87b8x.86","action":"GetUpdates", "result":"DeleteReceived", "context":{"id":"93b67e1a-4a5e-44cf-b996-d3c6e1b418a7", "isDeleted:":"true", "version":"1674176501930"}}
{"logTime": "0122/234154", "correlationVector":"gHSaEFB/XCZaExMpe87b8x.87","action":"GetUpdates", "result":"DeleteReceived", "context":{"id":"7e0aa40f-90ce-4cf9-b1f9-5829e0e90e98", "isDeleted:":"true", "version":"1674176545852"}}
{"logTime": "0122/234154", "correlationVector":"gHSaEFB/XCZaExMpe87b8x.88","action":"GetUpdates", "result":"DeleteReceived", "context":{"id":"ea21e962-f315-4bb5-9197-b3a4b4672b6e", "isDeleted:":"true", "version":"1674177036949"}}
{"logTime": "0122/234154", "correlationVector":"gHSaEFB/XCZaExMpe87b8x.89","action":"GetUpdates", "result":"DeleteReceived", "context":{"id":"6f8be33b-2b4c-4162-bec1-55da28c95100", "isDeleted:":"true", "version":"1674177341861"}}
{"logTime": "0122/234154", "correlationVector":"gHSaEFB/XCZaExMpe87b8x.90","action":"GetUpdates", "result":"DeleteReceived", "context":{"id":"b9cbdf8b-317d-4faa-b48b-2cbb580e59ea", "isDeleted:":"true", "version":"1674177391398"}}
{"logTime": "0122/234154", "correlationVector":"gHSaEFB/XCZaExMpe87b8x.91","action":"GetUpdates", "result":"DeleteReceived", "context":{"id":"6e50ae73-c30a-4d76-b997-c0439446a837", "isDeleted:":"true", "version":"1674177391399"}}
{"logTime": "0122/234154", "correlationVector":"gHSaEFB/XCZaExMpe87b8x.92","action":"GetUpdates", "result":"DeleteReceived", "context":{"id":"0a54ba9f-6b15-4547-8046-0f2a55b1acd7", "isDeleted:":"true", "version":"1674177391401"}}
{"logTime": "0122/234154", "correlationVector":"gHSaEFB/XCZaExMpe87b8x.93","action":"GetUpdates", "result":"DeleteReceived", "context":{"id":"4992e085-7124-412c-81dd-93d20ec352b4", "isDeleted:":"true", "version":"1674177391402"}}
{"logTime": "0122/234154", "correlationVector":"gHSaEFB/XCZaExMpe87b8x.94","action":"GetUpdates", "result":"DeleteReceived", "context":{"id":"9bde2f25-3b79-43d4-b8fd-eb42c10f342a", "isDeleted:":"true", "version":"1674177391403"}}
{"logTime": "0122/234154", "correlationVector":"gHSaEFB/XCZaExMpe87b8x.95","action":"GetUpdates", "result":"DeleteReceived", "context":{"id":"ae6448d6-f6f1-454a-a08c-67a8f9289058", "isDeleted:":"true", "version":"1674177808701"}}
{"logTime": "0122/234154", "correlationVector":"gHSaEFB/XCZaExMpe87b8x.96","action":"GetUpdates", "result":"DeleteReceived", "context":{"id":"662439f9-fe75-4b90-8405-7e2177ace0b3", "isDeleted:":"true", "version":"1674177853288"}}
{"logTime": "0122/234154", "correlationVector":"gHSaEFB/XCZaExMpe87b8x.97","action":"GetUpdates", "result":"DeleteReceived", "context":{"id":"400aa415-bdec-4e0e-8504-d95352e6f0ac", "isDeleted:":"true", "version":"1674177853290"}}
{"logTime": "0122/234154", "correlationVector":"gHSaEFB/XCZaExMpe87b8x.98","action":"GetUpdates", "result":"DeleteReceived", "context":{"id":"2e639efc-8e02-44c2-9004-4ea082fa746c", "isDeleted:":"true", "version":"1674177853291"}}
{"logTime": "0122/234154", "correlationVector":"gHSaEFB/XCZaExMpe87b8x.99","action":"GetUpdates", "result":"DeleteReceived", "context":{"id":"7d74162c-b63f-4a67-b6f3-07abaec6ac0a", "isDeleted:":"true", "version":"1674178515799"}}
{"logTime": "0122/234154", "correlationVector":"gHSaEFB/XCZaExMpe87b8x.100","action":"GetUpdates", "result":"DeleteReceived", "context":{"id":"1e8044bd-69fe-4dab-9e14-8e1fe89bfba2", "isDeleted:":"true", "version":"1674178515801"}}
{"logTime": "0122/234154", "correlationVector":"gHSaEFB/XCZaExMpe87b8x.101","action":"GetUpdates", "result":"DeleteReceived", "context":{"id":"e98bd186-ea60-4585-b35f-960e13c75ef2", "isDeleted:":"true", "version":"1674185328429"}}
{"logTime": "0122/234154", "correlationVector":"gHSaEFB/XCZaExMpe87b8x.102","action":"GetUpdates", "result":"DeleteReceived", "context":{"id":"fbdecfaa-c2dd-4a2a-ae7a-27140fedaa6b", "isDeleted:":"true", "version":"1674185681733"}}
{"logTime": "0122/234154", "correlationVector":"gHSaEFB/XCZaExMpe87b8x.103","action":"GetUpdates", "result":"DeleteReceived", "context":{"id":"7e7fc799-5617-4f0f-9d51-30c90f21e81b", "isDeleted:":"true", "version":"1674186683819"}}
{"logTime": "0122/234154", "correlationVector":"gHSaEFB/XCZaExMpe87b8x.104","action":"GetUpdates", "result":"DeleteReceived", "context":{"id":"8772d921-2155-47ac-a911-8f28ab4691fd", "isDeleted:":"true", "version":"1674188432008"}}
{"logTime": "0122/234154", "correlationVector":"gHSaEFB/XCZaExMpe87b8x.105","action":"GetUpdates", "result":"DeleteReceived", "context":{"id":"4848af35-d52c-4fe8-bb02-82a1b527cb7d", "isDeleted:":"true", "version":"1674189159472"}}
{"logTime": "0122/234154", "correlationVector":"gHSaEFB/XCZaExMpe87b8x.106","action":"GetUpdates", "result":"DeleteReceived", "context":{"id":"3e152769-3adf-48a3-bca3-37be3a8d558b", "isDeleted:":"true", "version":"1674189478578"}}
{"logTime": "0122/234154", "correlationVector":"gHSaEFB/XCZaExMpe87b8x.107","action":"GetUpdates", "result":"DeleteReceived", "context":{"id":"ba718421-01ca-4cb8-801d-98a93e3d0536", "isDeleted:":"true", "version":"1674189478580"}}
{"logTime": "0122/234154", "correlationVector":"gHSaEFB/XCZaExMpe87b8x.108","action":"GetUpdates", "result":"DeleteReceived", "context":{"id":"67f48223-45aa-4d81-bf6e-d241d1f33f54", "isDeleted:":"true", "version":"1674189478581"}}
{"logTime": "0122/234154", "correlationVector":"gHSaEFB/XCZaExMpe87b8x.109","action":"GetUpdates", "result":"DeleteReceived", "context":{"id":"21b3a86c-e4d2-4a54-8d73-d5b755f5cd18", "isDeleted:":"true", "version":"1674189478582"}}
{"logTime": "0122/234154", "correlationVector":"gHSaEFB/XCZaExMpe87b8x.110","action":"GetUpdates", "result":"DeleteReceived", "context":{"id":"4f480dd5-aed0-4070-83d0-ec929a5ae6f2", "isDeleted:":"true", "version":"1674229363898"}}
{"logTime": "0122/234154", "correlationVector":"gHSaEFB/XCZaExMpe87b8x.111","action":"GetUpdates", "result":"DeleteReceived", "context":{"id":"6d964d84-02fb-4a34-aa59-3f9b092aea69", "isDeleted:":"true", "version":"1674229363899"}}
{"logTime": "0122/234154", "correlationVector":"gHSaEFB/XCZaExMpe87b8x.112","action":"GetUpdates", "result":"DeleteReceived", "context":{"id":"0a66c408-e57a-4c8f-ae7d-a51e96e4a2f9", "isDeleted:":"true", "version":"1674229363901"}}
{"logTime": "0122/234154", "correlationVector":"gHSaEFB/XCZaExMpe87b8x.113","action":"GetUpdates", "result":"DeleteReceived", "context":{"id":"e6cde888-2392-4d88-8462-07ceb936cdcb", "isDeleted:":"true", "version":"1674229363902"}}
{"logTime": "0122/234154", "correlationVector":"gHSaEFB/XCZaExMpe87b8x.114","action":"GetUpdates", "result":"DeleteReceived", "context":{"id":"b23a94ae-958e-4ba6-8919-a60281730726", "isDeleted:":"true", "version":"1674229363903"}}
{"logTime": "0122/234154", "correlationVector":"gHSaEFB/XCZaExMpe87b8x.115","action":"GetUpdates", "result":"DeleteReceived", "context":{"id":"cf96fa14-273a-49a4-9c83-d10b6398648e", "isDeleted:":"true", "version":"1674229363906"}}
{"logTime": "0122/234154", "correlationVector":"gHSaEFB/XCZaExMpe87b8x.116","action":"GetUpdates", "result":"DeleteReceived", "context":{"id":"3b7c0724-1f67-4046-89ac-c534b6ad3174", "isDeleted:":"true", "version":"1674229363908"}}
{"logTime": "0122/234154", "correlationVector":"gHSaEFB/XCZaExMpe87b8x.117","action":"GetUpdates", "result":"DeleteReceived", "context":{"id":"45261b60-19e7-4ea7-a525-883b680f6326", "isDeleted:":"true", "version":"1674229363909"}}
{"logTime": "0122/234154", "correlationVector":"gHSaEFB/XCZaExMpe87b8x.118","action":"GetUpdates", "result":"DeleteReceived", "context":{"id":"c3a802f7-5940-49e6-8821-8a30a9938308", "isDeleted:":"true", "version":"1674229363910"}}
{"logTime": "0122/234154", "correlationVector":"gHSaEFB/XCZaExMpe87b8x.119","action":"GetUpdates", "result":"DeleteReceived", "context":{"id":"5359a3c5-67eb-4d4e-a4f4-8f3d8f22033c", "isDeleted:":"true", "version":"1674229363911"}}
{"logTime": "0122/234154", "correlationVector":"gHSaEFB/XCZaExMpe87b8x.120","action":"GetUpdates", "result":"DeleteReceived", "context":{"id":"9d448e84-bd35-47a3-857c-e70653973368", "isDeleted:":"true", "version":"1674229369874"}}
{"logTime": "0122/234154", "correlationVector":"gHSaEFB/XCZaExMpe87b8x.121","action":"GetUpdates", "result":"DeleteReceived", "context":{"id":"1a31c669-30ef-435f-8c85-4bc7122890bb", "isDeleted:":"true", "version":"1674229369878"}}
{"logTime": "0122/234154", "correlationVector":"gHSaEFB/XCZaExMpe87b8x.122","action":"GetUpdates", "result":"DeleteReceived", "context":{"id":"2b45a04a-5b9b-4340-837c-755db1eafb92", "isDeleted:":"true", "version":"1674229369879"}}
{"logTime": "0122/234154", "correlationVector":"gHSaEFB/XCZaExMpe87b8x.123","action":"GetUpdates", "result":"DeleteReceived", "context":{"id":"7d604f00-d1cb-49a0-8566-a099f05f5ffb", "isDeleted:":"true", "version":"1674229369880"}}
{"logTime": "0122/234154", "correlationVector":"gHSaEFB/XCZaExMpe87b8x.124","action":"GetUpdates", "result":"DeleteReceived", "context":{"id":"c82b3f92-bb56-4187-a446-7a00b2b1beb9", "isDeleted:":"true", "version":"1674229369881"}}
{"logTime": "0122/234154", "correlationVector":"gHSaEFB/XCZaExMpe87b8x.125","action":"GetUpdates", "result":"DeleteReceived", "context":{"id":"993090f1-d345-4684-9e78-3ebc1e956bb2", "isDeleted:":"true", "version":"1674229369883"}}
{"logTime": "0122/234154", "correlationVector":"gHSaEFB/XCZaExMpe87b8x.126","action":"GetUpdates", "result":"DeleteReceived", "context":{"id":"64ffaa4c-bf6e-49bd-b84c-9cdd98cc4b59", "isDeleted:":"true", "version":"1674229369884"}}
{"logTime": "0122/234154", "correlationVector":"gHSaEFB/XCZaExMpe87b8x.127","action":"GetUpdates", "result":"DeleteReceived", "context":{"id":"b1ab8ad9-05a9-4915-81ca-98809c9b3f2d", "isDeleted:":"true", "version":"1674229369886"}}
{"logTime": "0122/234154", "correlationVector":"gHSaEFB/XCZaExMpe87b8x.128","action":"GetUpdates", "result":"DeleteReceived", "context":{"id":"5e2782f4-1d0e-4d0f-9b09-e31188f476f3", "isDeleted:":"true", "version":"1674229373108"}}
{"logTime": "0122/234154", "correlationVector":"gHSaEFB/XCZaExMpe87b8x.129","action":"GetUpdates", "result":"DeleteReceived", "context":{"id":"def6dda4-b14c-495e-b05f-318162a14f50", "isDeleted:":"true", "version":"1674229373111"}}
{"logTime": "0122/234154", "correlationVector":"gHSaEFB/XCZaExMpe87b8x.130","action":"GetUpdates", "result":"DeleteReceived", "context":{"id":"716a2c7c-c56f-40ca-8b6c-5cdaa292e6ab", "isDeleted:":"true", "version":"1674229373112"}}
{"logTime": "0122/234154", "correlationVector":"gHSaEFB/XCZaExMpe87b8x.131","action":"GetUpdates", "result":"DeleteReceived", "context":{"id":"74729642-92dd-4873-9e70-d1b7e9fe43de", "isDeleted:":"true", "version":"1674229373117"}}
{"logTime": "0122/234154", "correlationVector":"gHSaEFB/XCZaExMpe87b8x.132","action":"GetUpdates", "result":"DeleteReceived", "context":{"id":"6c482549-febd-4aa0-9f9a-d3f210b3a77c", "isDeleted:":"true", "version":"1674229373118"}}
{"logTime": "0122/234154", "correlationVector":"gHSaEFB/XCZaExMpe87b8x.133","action":"GetUpdates", "result":"DeleteReceived", "context":{"id":"cd165d31-833d-4b8a-aa4b-2e4a6cefac8b", "isDeleted:":"true", "version":"1674229373120"}}
{"logTime": "0122/234154", "correlationVector":"gHSaEFB/XCZaExMpe87b8x.134","action":"GetUpdates", "result":"DeleteReceived", "context":{"id":"bf0d25a7-f4f8-4d14-ba2e-7d354a75db75", "isDeleted:":"true", "version":"1674229376119"}}
{"logTime": "0122/234154", "correlationVector":"gHSaEFB/XCZaExMpe87b8x.135","action":"GetUpdates", "result":"DeleteReceived", "context":{"id":"2c9d8981-9711-4ad6-b9e2-271f8a72489b", "isDeleted:":"true", "version":"1674232764966"}}
{"logTime": "0122/234154", "correlationVector":"gHSaEFB/XCZaExMpe87b8x.136","action":"GetUpdates", "result":"DeleteReceived", "context":{"id":"e89ee845-feb2-4e27-8621-e89a52a40619", "isDeleted:":"true", "version":"1674232764967"}}
{"logTime": "0122/234154", "correlationVector":"gHSaEFB/XCZaExMpe87b8x.137","action":"GetUpdates", "result":"DeleteReceived", "context":{"id":"d667aa30-2af2-4e5a-85f0-2b8411c993f2", "isDeleted:":"true", "version":"1674233083911"}}
{"logTime": "0122/234154", "correlationVector":"gHSaEFB/XCZaExMpe87b8x.138","action":"GetUpdates", "result":"DeleteReceived", "context":{"id":"83016067-543a-4c92-9b0f-03c335909705", "isDeleted:":"true", "version":"1674235488967"}}
{"logTime": "0122/234154", "correlationVector":"gHSaEFB/XCZaExMpe87b8x.139","action":"GetUpdates", "result":"DeleteReceived", "context":{"id":"963c69c8-42e3-40e6-9f66-98b11936f0e5", "isDeleted:":"true", "version":"1674235488968"}}
{"logTime": "0122/234154", "correlationVector":"gHSaEFB/XCZaExMpe87b8x.140","action":"GetUpdates", "result":"DeleteReceived", "context":{"id":"a85a46dc-d7a9-43a8-b849-012aaf1513f1", "isDeleted:":"true", "version":"1674235912996"}}
{"logTime": "0122/234154", "correlationVector":"gHSaEFB/XCZaExMpe87b8x.141","action":"GetUpdates", "result":"DeleteReceived", "context":{"id":"f240b84e-bd13-456e-afa4-dbd4a7d43b1d", "isDeleted:":"true", "version":"1674235959417"}}
{"logTime": "0122/234154", "correlationVector":"gHSaEFB/XCZaExMpe87b8x.142","action":"GetUpdates", "result":"DeleteReceived", "context":{"id":"4e961fc3-4b8d-4d05-8a99-f1033305b227", "isDeleted:":"true", "version":"1674236271141"}}
{"logTime": "0122/234154", "correlationVector":"gHSaEFB/XCZaExMpe87b8x.143","action":"GetUpdates", "result":"DeleteReceived", "context":{"id":"7a7f0d18-7f9a-4696-bbe8-a55281884580", "isDeleted:":"true", "version":"1674236643148"}}
{"logTime": "0122/234154", "correlationVector":"gHSaEFB/XCZaExMpe87b8x.144","action":"GetUpdates", "result":"DeleteReceived", "context":{"id":"37e56ae6-1455-4a67-8c79-28590cdc6cfc", "isDeleted:":"true", "version":"1674236643150"}}
{"logTime": "0122/234154", "correlationVector":"gHSaEFB/XCZaExMpe87b8x.145","action":"GetUpdates", "result":"DeleteReceived", "context":{"id":"a35f063e-09d9-4bd7-9b2c-daedea79e648", "isDeleted:":"true", "version":"1674236689181"}}
{"logTime": "0122/234154", "correlationVector":"gHSaEFB/XCZaExMpe87b8x.146","action":"GetUpdates", "result":"DeleteReceived", "context":{"id":"34e4b969-6a95-4f9a-b9e9-171b4fb47bee", "isDeleted:":"true", "version":"1674236943865"}}
{"logTime": "0122/234154", "correlationVector":"gHSaEFB/XCZaExMpe87b8x.147","action":"GetUpdates", "result":"DeleteReceived", "context":{"id":"3286155f-78c8-461d-a650-5292effc11e4", "isDeleted:":"true", "version":"1674236976774"}}
{"logTime": "0122/234154", "correlationVector":"gHSaEFB/XCZaExMpe87b8x.148","action":"GetUpdates", "result":"DeleteReceived", "context":{"id":"88a451af-955d-4435-98ca-116faceb943b", "isDeleted:":"true", "version":"1674236976775"}}
{"logTime": "0122/234154", "correlationVector":"gHSaEFB/XCZaExMpe87b8x.149","action":"GetUpdates", "result":"DeleteReceived", "context":{"id":"141ab96b-3540-424b-8416-da74d567eb34", "isDeleted:":"true", "version":"1674236976777"}}
{"logTime": "0122/234154", "correlationVector":"gHSaEFB/XCZaExMpe87b8x.150","action":"GetUpdates", "result":"DeleteReceived", "context":{"id":"2b888cf5-0256-4f69-823c-934f416d3079", "isDeleted:":"true", "version":"1674236976778"}}
{"logTime": "0122/234154", "correlationVector":"gHSaEFB/XCZaExMpe87b8x.151","action":"GetUpdates", "result":"DeleteReceived", "context":{"id":"ff01c51c-dd1d-4a93-a715-3e06eba51e44", "isDeleted:":"true", "version":"1674236976779"}}
{"logTime": "0122/234154", "correlationVector":"gHSaEFB/XCZaExMpe87b8x.152","action":"GetUpdates", "result":"DeleteReceived", "context":{"id":"8204b922-c811-4a58-b61e-f06190dd14fa", "isDeleted:":"true", "version":"1674236976780"}}
{"logTime": "0122/234154", "correlationVector":"gHSaEFB/XCZaExMpe87b8x.153","action":"GetUpdates", "result":"DeleteReceived", "context":{"id":"9320daf7-058f-4026-a93c-c42a7feca570", "isDeleted:":"true", "version":"1674237014224"}}
{"logTime": "0122/234154", "correlationVector":"gHSaEFB/XCZaExMpe87b8x.154","action":"GetUpdates", "result":"DeleteReceived", "context":{"id":"e892f958-7bef-4cce-8224-89c6cec38f60", "isDeleted:":"true", "version":"1674237014225"}}
{"logTime": "0122/234154", "correlationVector":"gHSaEFB/XCZaExMpe87b8x.155","action":"GetUpdates Response", "result":"SERVER_MORE_TO_DOWNLOAD", "context":Received 250 update(s).  Some updates remain.}
{"logTime": "0122/234154", "correlationVector":"L/pbQKuGnMNR0p/VOR7VO/","action":"Normal GetUpdate request", "result":"", "context":cV=L/pbQKuGnMNR0p/VOR7VO/
Nudged types: Sessions}
{"logTime": "0122/234155", "correlationVector":"L/pbQKuGnMNR0p/VOR7VO/.1","action":"SyncServerConnectionManagerRequest", "result":"SYNC_SERVER_OK", "context":{"environment":"Prod_EastUS2_000e", "server":"general0100000P"}}
{"logTime": "0122/234155", "correlationVector":"L/pbQKuGnMNR0p/VOR7VO/.2","action":"GetUpdates", "result":"DeleteReceived", "context":{"id":"d8ba7712-dd96-4704-b70c-3ab5ad1fe53c", "isDeleted:":"true", "version":"1674237014226"}}
{"logTime": "0122/234155", "correlationVector":"L/pbQKuGnMNR0p/VOR7VO/.3","action":"GetUpdates", "result":"DeleteReceived", "context":{"id":"5d2368cc-c542-4b31-966e-a87e353277ff", "isDeleted:":"true", "version":"1674237014227"}}
{"logTime": "0122/234155", "correlationVector":"L/pbQKuGnMNR0p/VOR7VO/.4","action":"GetUpdates", "result":"DeleteReceived", "context":{"id":"9e9e21bc-9514-4e5d-8d8c-0345f2b80407", "isDeleted:":"true", "version":"1674237014228"}}
{"logTime": "0122/234155", "correlationVector":"L/pbQKuGnMNR0p/VOR7VO/.5","action":"GetUpdates", "result":"DeleteReceived", "context":{"id":"8d1bb85d-d1c5-4ae3-a95c-7fde75c75482", "isDeleted:":"true", "version":"1674237014229"}}
{"logTime": "0122/234155", "correlationVector":"L/pbQKuGnMNR0p/VOR7VO/.6","action":"GetUpdates", "result":"DeleteReceived", "context":{"id":"0d120a43-8447-4bea-a521-eb1ebef47033", "isDeleted:":"true", "version":"1674237014231"}}
{"logTime": "0122/234155", "correlationVector":"L/pbQKuGnMNR0p/VOR7VO/.7","action":"GetUpdates", "result":"DeleteReceived", "context":{"id":"9c7113f4-7153-4c12-983a-dfc0de0408ae", "isDeleted:":"true", "version":"1674237014232"}}
{"logTime": "0122/234155", "correlationVector":"L/pbQKuGnMNR0p/VOR7VO/.8","action":"GetUpdates", "result":"DeleteReceived", "context":{"id":"c4ea53ff-c9e0-4caa-826c-291cfe2d2aa5", "isDeleted:":"true", "version":"1674237014233"}}
{"logTime": "0122/234155", "correlationVector":"L/pbQKuGnMNR0p/VOR7VO/.9","action":"GetUpdates", "result":"DeleteReceived", "context":{"id":"007d9fa4-7ed7-4157-b977-af529e2ed18f", "isDeleted:":"true", "version":"1674237014234"}}
{"logTime": "0122/234155", "correlationVector":"L/pbQKuGnMNR0p/VOR7VO/.10","action":"GetUpdates", "result":"DeleteReceived", "context":{"id":"e021b67c-6816-4030-9234-e410fd073f69", "isDeleted:":"true", "version":"1674237014235"}}
{"logTime": "0122/234155", "correlationVector":"L/pbQKuGnMNR0p/VOR7VO/.11","action":"GetUpdates", "result":"DeleteReceived", "context":{"id":"52bb51e2-77a6-428d-9408-9d4e3b764eca", "isDeleted:":"true", "version":"1674237014236"}}
{"logTime": "0122/234155", "correlationVector":"L/pbQKuGnMNR0p/VOR7VO/.12","action":"GetUpdates", "result":"DeleteReceived", "context":{"id":"f24a852a-4001-4677-8a70-95aedc87dc68", "isDeleted:":"true", "version":"1674237945980"}}
{"logTime": "0122/234155", "correlationVector":"L/pbQKuGnMNR0p/VOR7VO/.13","action":"GetUpdates", "result":"DeleteReceived", "context":{"id":"8878e6fd-5052-487a-b941-80a2eb9e9415", "isDeleted:":"true", "version":"1674238532364"}}
{"logTime": "0122/234155", "correlationVector":"L/pbQKuGnMNR0p/VOR7VO/.14","action":"GetUpdates", "result":"DeleteReceived", "context":{"id":"76ad0597-6478-4cb9-b337-5937e0da795f", "isDeleted:":"true", "version":"1674238675609"}}
{"logTime": "0122/234155", "correlationVector":"L/pbQKuGnMNR0p/VOR7VO/.15","action":"GetUpdates", "result":"DeleteReceived", "context":{"id":"6bde7da2-f777-45a2-b3ba-be8684e6af2f", "isDeleted:":"true", "version":"1674238691697"}}
{"logTime": "0122/234155", "correlationVector":"L/pbQKuGnMNR0p/VOR7VO/.16","action":"GetUpdates", "result":"DeleteReceived", "context":{"id":"a7029e76-7ab1-497f-ac93-b906dd6e0ed4", "isDeleted:":"true", "version":"1674238843058"}}
{"logTime": "0122/234155", "correlationVector":"L/pbQKuGnMNR0p/VOR7VO/.17","action":"GetUpdates", "result":"DeleteReceived", "context":{"id":"70c5f44d-3670-479d-9d95-4c3c61843296", "isDeleted:":"true", "version":"1674238865832"}}
{"logTime": "0122/234155", "correlationVector":"L/pbQKuGnMNR0p/VOR7VO/.18","action":"GetUpdates", "result":"DeleteReceived", "context":{"id":"1f1c1229-1c9e-4587-a1dd-60e6a141caa4", "isDeleted:":"true", "version":"1674238941273"}}
{"logTime": "0122/234155", "correlationVector":"L/pbQKuGnMNR0p/VOR7VO/.19","action":"GetUpdates", "result":"DeleteReceived", "context":{"id":"58315e59-a09a-40e0-a873-e9d11929d9a2", "isDeleted:":"true", "version":"1674239465944"}}
{"logTime": "0122/234155", "correlationVector":"L/pbQKuGnMNR0p/VOR7VO/.20","action":"GetUpdates", "result":"DeleteReceived", "context":{"id":"31569329-ec85-49d8-982d-6926c6d06954", "isDeleted:":"true", "version":"1674239487125"}}
{"logTime": "0122/234155", "correlationVector":"L/pbQKuGnMNR0p/VOR7VO/.21","action":"GetUpdates", "result":"DeleteReceived", "context":{"id":"ebd21955-ac43-4473-a4bc-98fecb5b323a", "isDeleted:":"true", "version":"1674239636422"}}
{"logTime": "0122/234155", "correlationVector":"L/pbQKuGnMNR0p/VOR7VO/.22","action":"GetUpdates", "result":"DeleteReceived", "context":{"id":"d8dd37a9-8e13-44b4-893a-cb7918af0895", "isDeleted:":"true", "version":"1674239684048"}}
{"logTime": "0122/234155", "correlationVector":"L/pbQKuGnMNR0p/VOR7VO/.23","action":"GetUpdates", "result":"DeleteReceived", "context":{"id":"ad9e14c4-af49-4db6-94f3-3efb9266ae83", "isDeleted:":"true", "version":"1674243629389"}}
{"logTime": "0122/234155", "correlationVector":"L/pbQKuGnMNR0p/VOR7VO/.24","action":"GetUpdates", "result":"DeleteReceived", "context":{"id":"1e4685e5-9554-4140-a294-4b6a2d2e4a4b", "isDeleted:":"true", "version":"1674243672026"}}
{"logTime": "0122/234155", "correlationVector":"L/pbQKuGnMNR0p/VOR7VO/.25","action":"GetUpdates", "result":"DeleteReceived", "context":{"id":"46cbdf2e-6d94-4742-8809-d37986cb933e", "isDeleted:":"true", "version":"1674244166161"}}
{"logTime": "0122/234155", "correlationVector":"L/pbQKuGnMNR0p/VOR7VO/.26","action":"GetUpdates", "result":"DeleteReceived", "context":{"id":"46173ffc-e75a-4a99-8a7a-2f142b85743b", "isDeleted:":"true", "version":"1674244434525"}}
{"logTime": "0122/234155", "correlationVector":"L/pbQKuGnMNR0p/VOR7VO/.27","action":"GetUpdates", "result":"DeleteReceived", "context":{"id":"a45d3be8-b6c8-4e32-8f45-ff8c38079790", "isDeleted:":"true", "version":"1674244475488"}}
{"logTime": "0122/234155", "correlationVector":"L/pbQKuGnMNR0p/VOR7VO/.28","action":"GetUpdates", "result":"DeleteReceived", "context":{"id":"a003c552-fb1f-4e3d-a6bf-d812f874b45f", "isDeleted:":"true", "version":"1674245758819"}}
{"logTime": "0122/234155", "correlationVector":"L/pbQKuGnMNR0p/VOR7VO/.29","action":"GetUpdates", "result":"DeleteReceived", "context":{"id":"50f9dba7-3bc1-4340-aa61-ec8d4973c951", "isDeleted:":"true", "version":"1674246030263"}}
{"logTime": "0122/234155", "correlationVector":"L/pbQKuGnMNR0p/VOR7VO/.30","action":"GetUpdates", "result":"DeleteReceived", "context":{"id":"7c3e9e60-ffdf-477b-a4a9-00d9b6d73120", "isDeleted:":"true", "version":"1674263503900"}}
{"logTime": "0122/234155", "correlationVector":"L/pbQKuGnMNR0p/VOR7VO/.31","action":"GetUpdates", "result":"DeleteReceived", "context":{"id":"6181d498-882d-4f00-861f-bac4a6fbf7eb", "isDeleted:":"true", "version":"1674266714608"}}
{"logTime": "0122/234155", "correlationVector":"L/pbQKuGnMNR0p/VOR7VO/.32","action":"GetUpdates", "result":"DeleteReceived", "context":{"id":"68a0aaac-24d5-4cce-976d-e2ce0837920f", "isDeleted:":"true", "version":"1674267213699"}}
{"logTime": "0122/234155", "correlationVector":"L/pbQKuGnMNR0p/VOR7VO/.33","action":"GetUpdates", "result":"DeleteReceived", "context":{"id":"c2bb826d-9f08-41f3-9841-a83e56027d55", "isDeleted:":"true", "version":"1674269400506"}}
{"logTime": "0122/234155", "correlationVector":"L/pbQKuGnMNR0p/VOR7VO/.34","action":"GetUpdates", "result":"DeleteReceived", "context":{"id":"073a79c5-97fb-48ff-b380-fbdf278d1292", "isDeleted:":"true", "version":"1674272850751"}}
{"logTime": "0122/234155", "correlationVector":"L/pbQKuGnMNR0p/VOR7VO/.35","action":"GetUpdates", "result":"DeleteReceived", "context":{"id":"d877de64-1f9b-4b66-9fee-a2a2afcb5ddf", "isDeleted:":"true", "version":"1674272850752"}}
{"logTime": "0122/234155", "correlationVector":"L/pbQKuGnMNR0p/VOR7VO/.36","action":"GetUpdates", "result":"DeleteReceived", "context":{"id":"80848aa6-24b6-4fad-b16a-3d9165476096", "isDeleted:":"true", "version":"1674274252372"}}
{"logTime": "0122/234155", "correlationVector":"L/pbQKuGnMNR0p/VOR7VO/.37","action":"GetUpdates", "result":"DeleteReceived", "context":{"id":"e4b123fd-2b94-4901-adcd-6e5bf4f33489", "isDeleted:":"true", "version":"1674274421747"}}
{"logTime": "0122/234155", "correlationVector":"L/pbQKuGnMNR0p/VOR7VO/.38","action":"GetUpdates", "result":"DeleteReceived", "context":{"id":"3a59712a-56b4-4f4c-8d78-3ae0d8046c3e", "isDeleted:":"true", "version":"1674279523192"}}
{"logTime": "0122/234155", "correlationVector":"L/pbQKuGnMNR0p/VOR7VO/.39","action":"GetUpdates", "result":"DeleteReceived", "context":{"id":"e808d3ad-670f-4ccc-a2b1-30abfdc86f41", "isDeleted:":"true", "version":"1674279523193"}}
{"logTime": "0122/234155", "correlationVector":"L/pbQKuGnMNR0p/VOR7VO/.40","action":"GetUpdates", "result":"DeleteReceived", "context":{"id":"9a208c13-60c1-4d7c-a8a9-4c038968af1c", "isDeleted:":"true", "version":"1674279523194"}}
{"logTime": "0122/234155", "correlationVector":"L/pbQKuGnMNR0p/VOR7VO/.41","action":"GetUpdates", "result":"DeleteReceived", "context":{"id":"d92c2608-53c0-4da5-9432-871a900ea9da", "isDeleted:":"true", "version":"1674280793568"}}
{"logTime": "0122/234155", "correlationVector":"L/pbQKuGnMNR0p/VOR7VO/.42","action":"GetUpdates", "result":"DeleteReceived", "context":{"id":"3837bc8e-f9c0-4915-881a-0fe6b4de3657", "isDeleted:":"true", "version":"1674280793569"}}
{"logTime": "0122/234155", "correlationVector":"L/pbQKuGnMNR0p/VOR7VO/.43","action":"GetUpdates", "result":"DeleteReceived", "context":{"id":"ed937034-876f-41d6-92e0-711c23b379ae", "isDeleted:":"true", "version":"1674280793570"}}
{"logTime": "0122/234155", "correlationVector":"L/pbQKuGnMNR0p/VOR7VO/.44","action":"GetUpdates", "result":"DeleteReceived", "context":{"id":"6b15f05e-45ca-45f9-8a01-5ff53e4084f4", "isDeleted:":"true", "version":"1674314376983"}}
{"logTime": "0122/234155", "correlationVector":"L/pbQKuGnMNR0p/VOR7VO/.45","action":"GetUpdates", "result":"DeleteReceived", "context":{"id":"1d70eae9-c4b5-49ba-aab6-84e851984072", "isDeleted:":"true", "version":"1674314376984"}}
{"logTime": "0122/234155", "correlationVector":"L/pbQKuGnMNR0p/VOR7VO/.46","action":"GetUpdates", "result":"DeleteReceived", "context":{"id":"42e5501e-749c-49b2-a408-53b278544ad1", "isDeleted:":"true", "version":"1674314597866"}}
{"logTime": "0122/234155", "correlationVector":"L/pbQKuGnMNR0p/VOR7VO/.47","action":"GetUpdates", "result":"DeleteReceived", "context":{"id":"fab5a90f-6763-41c2-87bf-72df2f124f2d", "isDeleted:":"true", "version":"1674331989179"}}
{"logTime": "0122/234155", "correlationVector":"L/pbQKuGnMNR0p/VOR7VO/.48","action":"GetUpdates", "result":"DeleteReceived", "context":{"id":"7a9881a5-d066-401d-b4b0-b1920c376b41", "isDeleted:":"true", "version":"1674331989180"}}
{"logTime": "0122/234155", "correlationVector":"L/pbQKuGnMNR0p/VOR7VO/.49","action":"GetUpdates", "result":"DeleteReceived", "context":{"id":"a85079fd-9a3e-4b92-a343-adde95ca1f70", "isDeleted:":"true", "version":"1674331989181"}}
{"logTime": "0122/234155", "correlationVector":"L/pbQKuGnMNR0p/VOR7VO/.50","action":"GetUpdates", "result":"DeleteReceived", "context":{"id":"5bfd649c-ec50-4aa0-8ebe-197a855913c8", "isDeleted:":"true", "version":"1674331989186"}}
{"logTime": "0122/234155", "correlationVector":"L/pbQKuGnMNR0p/VOR7VO/.51","action":"GetUpdates", "result":"DeleteReceived", "context":{"id":"c8b353ec-55f0-4c7c-a363-91599b5ad639", "isDeleted:":"true", "version":"1674331989189"}}
{"logTime": "0122/234155", "correlationVector":"L/pbQKuGnMNR0p/VOR7VO/.52","action":"GetUpdates", "result":"DeleteReceived", "context":{"id":"fd9473bb-93a0-42a0-9a09-df415e0f17f2", "isDeleted:":"true", "version":"1674331989191"}}
{"logTime": "0122/234155", "correlationVector":"L/pbQKuGnMNR0p/VOR7VO/.53","action":"GetUpdates", "result":"DeleteReceived", "context":{"id":"577fdcbe-41f0-4b6d-953c-e92ef08694ab", "isDeleted:":"true", "version":"1674331989194"}}
{"logTime": "0122/234155", "correlationVector":"L/pbQKuGnMNR0p/VOR7VO/.54","action":"GetUpdates", "result":"DeleteReceived", "context":{"id":"ed711d7b-60b7-4716-9116-00bd3c8373fb", "isDeleted:":"true", "version":"1674331996029"}}
{"logTime": "0122/234155", "correlationVector":"L/pbQKuGnMNR0p/VOR7VO/.55","action":"GetUpdates", "result":"DeleteReceived", "context":{"id":"b3174b0f-7aa2-474e-aabf-07567b0feb92", "isDeleted:":"true", "version":"1674331996031"}}
{"logTime": "0122/234155", "correlationVector":"L/pbQKuGnMNR0p/VOR7VO/.56","action":"GetUpdates", "result":"DeleteReceived", "context":{"id":"8c16643a-d3ac-4aee-b7cd-9a1cf21e703d", "isDeleted:":"true", "version":"1674331996032"}}
{"logTime": "0122/234155", "correlationVector":"L/pbQKuGnMNR0p/VOR7VO/.57","action":"GetUpdates", "result":"DeleteReceived", "context":{"id":"65e7a69a-734b-4cd9-a8b1-b3ee19a356bc", "isDeleted:":"true", "version":"1674331996034"}}
{"logTime": "0122/234155", "correlationVector":"L/pbQKuGnMNR0p/VOR7VO/.58","action":"GetUpdates", "result":"DeleteReceived", "context":{"id":"415df23d-7478-4d3b-99b5-ddc00b17fd09", "isDeleted:":"true", "version":"1674331996035"}}
{"logTime": "0122/234155", "correlationVector":"L/pbQKuGnMNR0p/VOR7VO/.59","action":"GetUpdates", "result":"DeleteReceived", "context":{"id":"f4670735-2e10-40f2-9746-f1687fa10fdc", "isDeleted:":"true", "version":"1674331996037"}}
{"logTime": "0122/234155", "correlationVector":"L/pbQKuGnMNR0p/VOR7VO/.60","action":"GetUpdates", "result":"DeleteReceived", "context":{"id":"11664161-a85f-49e0-bb55-11f86e04777f", "isDeleted:":"true", "version":"1674331996038"}}
{"logTime": "0122/234155", "correlationVector":"L/pbQKuGnMNR0p/VOR7VO/.61","action":"GetUpdates", "result":"DeleteReceived", "context":{"id":"f329628d-892c-4984-a3b4-4fad2907ad9f", "isDeleted:":"true", "version":"1674331996039"}}
{"logTime": "0122/234155", "correlationVector":"L/pbQKuGnMNR0p/VOR7VO/.62","action":"GetUpdates", "result":"DeleteReceived", "context":{"id":"d362cde2-1e7c-4647-876e-70fdefe6e631", "isDeleted:":"true", "version":"1674331998730"}}
{"logTime": "0122/234155", "correlationVector":"L/pbQKuGnMNR0p/VOR7VO/.63","action":"GetUpdates", "result":"DeleteReceived", "context":{"id":"d2d48bc3-d389-46fa-981e-b48dfb573ce8", "isDeleted:":"true", "version":"1674331998732"}}
{"logTime": "0122/234155", "correlationVector":"L/pbQKuGnMNR0p/VOR7VO/.64","action":"GetUpdates", "result":"DeleteReceived", "context":{"id":"5f9c90e7-3499-4174-9882-f78aa4ba0770", "isDeleted:":"true", "version":"1674331998733"}}
{"logTime": "0122/234155", "correlationVector":"L/pbQKuGnMNR0p/VOR7VO/.65","action":"GetUpdates", "result":"DeleteReceived", "context":{"id":"91da788e-1ad3-4d76-a849-ed5bf20bcaac", "isDeleted:":"true", "version":"1674331998734"}}
{"logTime": "0122/234155", "correlationVector":"L/pbQKuGnMNR0p/VOR7VO/.66","action":"GetUpdates", "result":"DeleteReceived", "context":{"id":"a46e8297-882c-4857-abfe-95feaf317f01", "isDeleted:":"true", "version":"1674333698142"}}
{"logTime": "0122/234155", "correlationVector":"L/pbQKuGnMNR0p/VOR7VO/.67","action":"GetUpdates", "result":"DeleteReceived", "context":{"id":"8c61b2c1-e4bd-448e-97e3-240dda6a488a", "isDeleted:":"true", "version":"1674333698143"}}
{"logTime": "0122/234155", "correlationVector":"L/pbQKuGnMNR0p/VOR7VO/.68","action":"GetUpdates", "result":"DeleteReceived", "context":{"id":"a646f2dd-966d-422d-8b4b-d2539dd3a141", "isDeleted:":"true", "version":"1674334162016"}}
{"logTime": "0122/234155", "correlationVector":"L/pbQKuGnMNR0p/VOR7VO/.69","action":"GetUpdates", "result":"DeleteReceived", "context":{"id":"389ebe9d-129b-49ea-b860-7cdd38060432", "isDeleted:":"true", "version":"1674339593709"}}
{"logTime": "0122/234155", "correlationVector":"L/pbQKuGnMNR0p/VOR7VO/.70","action":"GetUpdates", "result":"DeleteReceived", "context":{"id":"bcc7af5b-97f0-4b94-84a7-ea8c5c0d00e3", "isDeleted:":"true", "version":"1674339593710"}}
{"logTime": "0122/234155", "correlationVector":"L/pbQKuGnMNR0p/VOR7VO/.71","action":"GetUpdates", "result":"DeleteReceived", "context":{"id":"66e46364-e5cf-4201-aa49-4c4f325eb19a", "isDeleted:":"true", "version":"1674339593711"}}
{"logTime": "0122/234155", "correlationVector":"L/pbQKuGnMNR0p/VOR7VO/.72","action":"GetUpdates", "result":"DeleteReceived", "context":{"id":"30e01416-4d74-4487-9fd3-d701961d2357", "isDeleted:":"true", "version":"1674339593712"}}
{"logTime": "0122/234155", "correlationVector":"L/pbQKuGnMNR0p/VOR7VO/.73","action":"GetUpdates", "result":"DeleteReceived", "context":{"id":"5ea1498e-59b2-4388-ade0-e5b3948b2867", "isDeleted:":"true", "version":"1674339675484"}}
{"logTime": "0122/234155", "correlationVector":"L/pbQKuGnMNR0p/VOR7VO/.74","action":"GetUpdates", "result":"DeleteReceived", "context":{"id":"f599eadb-2ea6-4446-8df7-b30791c88ecd", "isDeleted:":"true", "version":"1674342003560"}}
{"logTime": "0122/234155", "correlationVector":"L/pbQKuGnMNR0p/VOR7VO/.75","action":"GetUpdates", "result":"DeleteReceived", "context":{"id":"21f415a6-e853-43e4-9e6d-8354bd0d6469", "isDeleted:":"true", "version":"1674342506403"}}
{"logTime": "0122/234155", "correlationVector":"L/pbQKuGnMNR0p/VOR7VO/.76","action":"GetUpdates", "result":"DeleteReceived", "context":{"id":"2c3aef9a-a928-453d-9fa3-bb22da560d34", "isDeleted:":"true", "version":"1674343464625"}}
{"logTime": "0122/234155", "correlationVector":"L/pbQKuGnMNR0p/VOR7VO/.77","action":"GetUpdates", "result":"DeleteReceived", "context":{"id":"0b88d45b-d818-4cde-b3e7-5d73b1321360", "isDeleted:":"true", "version":"1674343464626"}}
{"logTime": "0122/234155", "correlationVector":"L/pbQKuGnMNR0p/VOR7VO/.78","action":"GetUpdates", "result":"DeleteReceived", "context":{"id":"24c76fb9-f151-47ac-925d-cdd3f755ef0e", "isDeleted:":"true", "version":"1674343464627"}}
{"logTime": "0122/234155", "correlationVector":"L/pbQKuGnMNR0p/VOR7VO/.79","action":"GetUpdates", "result":"DeleteReceived", "context":{"id":"80103651-c849-4a4a-b2db-42c7651bdbc9", "isDeleted:":"true", "version":"1674343869937"}}
{"logTime": "0122/234155", "correlationVector":"L/pbQKuGnMNR0p/VOR7VO/.80","action":"GetUpdates", "result":"DeleteReceived", "context":{"id":"040421be-c02b-40c5-929d-ecc6ea7ec52b", "isDeleted:":"true", "version":"1674343869938"}}
{"logTime": "0122/234155", "correlationVector":"L/pbQKuGnMNR0p/VOR7VO/.81","action":"GetUpdates", "result":"DeleteReceived", "context":{"id":"5a316759-18f4-4290-bdde-5f1a00fda510", "isDeleted:":"true", "version":"1674343869939"}}
{"logTime": "0122/234155", "correlationVector":"L/pbQKuGnMNR0p/VOR7VO/.82","action":"GetUpdates", "result":"DeleteReceived", "context":{"id":"862fd038-34c9-4568-a9bc-698941241d34", "isDeleted:":"true", "version":"1674343869944"}}
{"logTime": "0122/234155", "correlationVector":"L/pbQKuGnMNR0p/VOR7VO/.83","action":"GetUpdates", "result":"DeleteReceived", "context":{"id":"b42497fc-4086-44b3-9b05-f1ab3ce62cca", "isDeleted:":"true", "version":"1674343913825"}}
{"logTime": "0122/234155", "correlationVector":"L/pbQKuGnMNR0p/VOR7VO/.84","action":"GetUpdates", "result":"DeleteReceived", "context":{"id":"e8416e35-bbe1-4273-a4e8-098bb58faf1c", "isDeleted:":"true", "version":"1674349311651"}}
{"logTime": "0122/234155", "correlationVector":"L/pbQKuGnMNR0p/VOR7VO/.85","action":"GetUpdates", "result":"DeleteReceived", "context":{"id":"f7a5590a-1aed-4d9e-84fd-68857e2a26ce", "isDeleted:":"true", "version":"1674349603510"}}
{"logTime": "0122/234155", "correlationVector":"L/pbQKuGnMNR0p/VOR7VO/.86","action":"GetUpdates", "result":"DeleteReceived", "context":{"id":"d28172ab-3d31-40ca-97ed-19a592689b0d", "isDeleted:":"true", "version":"1674349603511"}}
{"logTime": "0122/234155", "correlationVector":"L/pbQKuGnMNR0p/VOR7VO/.87","action":"GetUpdates", "result":"DeleteReceived", "context":{"id":"9e81d22e-62fe-4db7-81b3-490d2df56396", "isDeleted:":"true", "version":"1674349603514"}}
{"logTime": "0122/234155", "correlationVector":"L/pbQKuGnMNR0p/VOR7VO/.88","action":"GetUpdates", "result":"DeleteReceived", "context":{"id":"8d6fb407-535b-4211-9115-fdf57d6c002c", "isDeleted:":"true", "version":"1674349807020"}}
{"logTime": "0122/234155", "correlationVector":"L/pbQKuGnMNR0p/VOR7VO/.89","action":"GetUpdates", "result":"DeleteReceived", "context":{"id":"94a23eb2-d812-4061-b3cd-31f9172ffc57", "isDeleted:":"true", "version":"1674350292145"}}
{"logTime": "0122/234155", "correlationVector":"L/pbQKuGnMNR0p/VOR7VO/.90","action":"GetUpdates", "result":"DeleteReceived", "context":{"id":"4874d118-6b53-4919-8844-a075e74270f8", "isDeleted:":"true", "version":"1674350532716"}}
{"logTime": "0122/234155", "correlationVector":"L/pbQKuGnMNR0p/VOR7VO/.91","action":"GetUpdates", "result":"DeleteReceived", "context":{"id":"9ae0e277-be71-4865-8acc-3dc4492abbc8", "isDeleted:":"true", "version":"1674350532717"}}
{"logTime": "0122/234155", "correlationVector":"L/pbQKuGnMNR0p/VOR7VO/.92","action":"GetUpdates", "result":"DeleteReceived", "context":{"id":"3df834b0-dd77-462d-b5e8-64ab6b31be85", "isDeleted:":"true", "version":"1674350532718"}}
{"logTime": "0122/234155", "correlationVector":"L/pbQKuGnMNR0p/VOR7VO/.93","action":"GetUpdates", "result":"DeleteReceived", "context":{"id":"8d14c57c-98c7-4a2c-b947-216e024e576b", "isDeleted:":"true", "version":"1674350532719"}}
{"logTime": "0122/234155", "correlationVector":"L/pbQKuGnMNR0p/VOR7VO/.94","action":"GetUpdates", "result":"DeleteReceived", "context":{"id":"b03ad45e-5d85-44f5-9973-3a7773ec789b", "isDeleted:":"true", "version":"1674350532720"}}
{"logTime": "0122/234155", "correlationVector":"L/pbQKuGnMNR0p/VOR7VO/.95","action":"GetUpdates", "result":"DeleteReceived", "context":{"id":"700783fb-26df-440e-8be9-d4c58325174e", "isDeleted:":"true", "version":"1674350532721"}}
{"logTime": "0122/234155", "correlationVector":"L/pbQKuGnMNR0p/VOR7VO/.96","action":"GetUpdates", "result":"DeleteReceived", "context":{"id":"5d5f5823-f983-4373-b960-6cf62cebce83", "isDeleted:":"true", "version":"1674350532722"}}
{"logTime": "0122/234155", "correlationVector":"L/pbQKuGnMNR0p/VOR7VO/.97","action":"GetUpdates", "result":"DeleteReceived", "context":{"id":"a0ff7ad5-527f-4632-94ff-c381003fd4bd", "isDeleted:":"true", "version":"1674350532723"}}
{"logTime": "0122/234155", "correlationVector":"L/pbQKuGnMNR0p/VOR7VO/.98","action":"GetUpdates", "result":"DeleteReceived", "context":{"id":"981e1164-9977-40be-9e92-35680b093b4e", "isDeleted:":"true", "version":"1674350604522"}}
{"logTime": "0122/234155", "correlationVector":"L/pbQKuGnMNR0p/VOR7VO/.99","action":"GetUpdates", "result":"DeleteReceived", "context":{"id":"94cdc79d-c22e-4589-ac80-88f03d763bd5", "isDeleted:":"true", "version":"1674353584742"}}
{"logTime": "0122/234155", "correlationVector":"L/pbQKuGnMNR0p/VOR7VO/.100","action":"GetUpdates", "result":"DeleteReceived", "context":{"id":"fbdc53b7-6900-458c-baaf-366b3be57bf2", "isDeleted:":"true", "version":"1674353584743"}}
{"logTime": "0122/234155", "correlationVector":"L/pbQKuGnMNR0p/VOR7VO/.101","action":"GetUpdates", "result":"DeleteReceived", "context":{"id":"6fedaa39-2aee-4e2d-a55e-f21c9d995cd0", "isDeleted:":"true", "version":"1674353584744"}}
{"logTime": "0122/234155", "correlationVector":"L/pbQKuGnMNR0p/VOR7VO/.102","action":"GetUpdates", "result":"DeleteReceived", "context":{"id":"eabca607-3aa9-48d0-864c-4de44a76a480", "isDeleted:":"true", "version":"1674353584745"}}
{"logTime": "0122/234155", "correlationVector":"L/pbQKuGnMNR0p/VOR7VO/.103","action":"GetUpdates", "result":"DeleteReceived", "context":{"id":"078ac2e1-ef32-4215-9786-5b6ef82d312c", "isDeleted:":"true", "version":"1674353584748"}}
{"logTime": "0122/234155", "correlationVector":"L/pbQKuGnMNR0p/VOR7VO/.104","action":"GetUpdates", "result":"DeleteReceived", "context":{"id":"1ff72562-fde7-47f3-a25b-58d3d3cc8df7", "isDeleted:":"true", "version":"1674353584749"}}
{"logTime": "0122/234155", "correlationVector":"L/pbQKuGnMNR0p/VOR7VO/.105","action":"GetUpdates", "result":"DeleteReceived", "context":{"id":"37ee9740-c7a8-4f8f-bc11-238d5b8c7fb7", "isDeleted:":"true", "version":"1674354199920"}}
{"logTime": "0122/234155", "correlationVector":"L/pbQKuGnMNR0p/VOR7VO/.106","action":"GetUpdates", "result":"DeleteReceived", "context":{"id":"3f8181d3-8e10-4589-9400-5623c99387bf", "isDeleted:":"true", "version":"1674354199923"}}
{"logTime": "0122/234155", "correlationVector":"L/pbQKuGnMNR0p/VOR7VO/.107","action":"GetUpdates", "result":"DeleteReceived", "context":{"id":"111febb5-98dc-4e48-b370-5f2e6422660d", "isDeleted:":"true", "version":"1674354235996"}}
{"logTime": "0122/234155", "correlationVector":"L/pbQKuGnMNR0p/VOR7VO/.108","action":"GetUpdates", "result":"DeleteReceived", "context":{"id":"c821183e-9343-4215-b8cb-80c685b4c020", "isDeleted:":"true", "version":"1674356459013"}}
{"logTime": "0122/234155", "correlationVector":"L/pbQKuGnMNR0p/VOR7VO/.109","action":"GetUpdates", "result":"DeleteReceived", "context":{"id":"66b40dec-3074-4aff-8a12-4b53bf210fda", "isDeleted:":"true", "version":"1674356939314"}}
{"logTime": "0122/234155", "correlationVector":"L/pbQKuGnMNR0p/VOR7VO/.110","action":"GetUpdates", "result":"DeleteReceived", "context":{"id":"b2260690-08ee-46ae-8791-4a823872ae53", "isDeleted:":"true", "version":"1674358517202"}}
{"logTime": "0122/234155", "correlationVector":"L/pbQKuGnMNR0p/VOR7VO/.111","action":"GetUpdates", "result":"DeleteReceived", "context":{"id":"07da82ae-01da-44bc-bdf1-86828106e894", "isDeleted:":"true", "version":"1674358517203"}}
{"logTime": "0122/234155", "correlationVector":"L/pbQKuGnMNR0p/VOR7VO/.112","action":"GetUpdates", "result":"DeleteReceived", "context":{"id":"6fd523b8-5152-4dd8-a092-c51def01a59c", "isDeleted:":"true", "version":"1674358517206"}}
{"logTime": "0122/234155", "correlationVector":"L/pbQKuGnMNR0p/VOR7VO/.113","action":"GetUpdates", "result":"DeleteReceived", "context":{"id":"1c4cc22a-afbc-4b3f-84b3-2e23d7483343", "isDeleted:":"true", "version":"1674362390826"}}
{"logTime": "0122/234155", "correlationVector":"L/pbQKuGnMNR0p/VOR7VO/.114","action":"GetUpdates", "result":"DeleteReceived", "context":{"id":"42fc68ad-f3e7-45b7-85c5-dfbbd2f78d57", "isDeleted:":"true", "version":"1674362422618"}}
{"logTime": "0122/234155", "correlationVector":"L/pbQKuGnMNR0p/VOR7VO/.115","action":"GetUpdates", "result":"DeleteReceived", "context":{"id":"aa98a206-d9d1-4dc4-a78e-1998f54cca8c", "isDeleted:":"true", "version":"1674362422621"}}
{"logTime": "0122/234155", "correlationVector":"L/pbQKuGnMNR0p/VOR7VO/.116","action":"GetUpdates", "result":"DeleteReceived", "context":{"id":"316e479f-5b19-4592-9222-aca6925786c9", "isDeleted:":"true", "version":"1674362616209"}}
{"logTime": "0122/234155", "correlationVector":"L/pbQKuGnMNR0p/VOR7VO/.117","action":"GetUpdates", "result":"DeleteReceived", "context":{"id":"9d6fd142-fccd-4e19-9e9f-c59aca36c93f", "isDeleted:":"true", "version":"1674362616210"}}
{"logTime": "0122/234155", "correlationVector":"L/pbQKuGnMNR0p/VOR7VO/.118","action":"GetUpdates", "result":"DeleteReceived", "context":{"id":"d3f1f35a-a09e-4b46-9621-fc995b541045", "isDeleted:":"true", "version":"1674362616213"}}
{"logTime": "0122/234155", "correlationVector":"L/pbQKuGnMNR0p/VOR7VO/.119","action":"GetUpdates", "result":"DeleteReceived", "context":{"id":"04633d06-6df2-4fd0-85ba-ad8102e6e93b", "isDeleted:":"true", "version":"1674362909128"}}
{"logTime": "0122/234155", "correlationVector":"L/pbQKuGnMNR0p/VOR7VO/.120","action":"GetUpdates", "result":"DeleteReceived", "context":{"id":"08215aaf-38dc-4b00-b88d-9454a01c1c49", "isDeleted:":"true", "version":"1674362909129"}}
{"logTime": "0122/234155", "correlationVector":"L/pbQKuGnMNR0p/VOR7VO/.121","action":"GetUpdates", "result":"DeleteReceived", "context":{"id":"8bcb053f-81ff-4637-82cb-6f89a5ae1c38", "isDeleted:":"true", "version":"1674363065118"}}
{"logTime": "0122/234155", "correlationVector":"L/pbQKuGnMNR0p/VOR7VO/.122","action":"GetUpdates", "result":"DeleteReceived", "context":{"id":"27524de4-fedc-4ad7-a4c2-5cb14cb2913c", "isDeleted:":"true", "version":"1674363367845"}}
{"logTime": "0122/234155", "correlationVector":"L/pbQKuGnMNR0p/VOR7VO/.123","action":"GetUpdates", "result":"DeleteReceived", "context":{"id":"06f9bab8-376b-443c-b1df-8a57191b7b98", "isDeleted:":"true", "version":"1674364992924"}}
{"logTime": "0122/234155", "correlationVector":"L/pbQKuGnMNR0p/VOR7VO/.124","action":"GetUpdates", "result":"DeleteReceived", "context":{"id":"dab0b82f-a477-489a-984e-332e59dd4f25", "isDeleted:":"true", "version":"1674364992925"}}
{"logTime": "0122/234155", "correlationVector":"L/pbQKuGnMNR0p/VOR7VO/.125","action":"GetUpdates", "result":"DeleteReceived", "context":{"id":"c68624b7-d016-44c3-b75e-399b44f30637", "isDeleted:":"true", "version":"1674364992927"}}
{"logTime": "0122/234155", "correlationVector":"L/pbQKuGnMNR0p/VOR7VO/.126","action":"GetUpdates", "result":"DeleteReceived", "context":{"id":"7d526874-eca5-4fb5-82c3-45e6230f65a1", "isDeleted:":"true", "version":"1674364992928"}}
{"logTime": "0122/234155", "correlationVector":"L/pbQKuGnMNR0p/VOR7VO/.127","action":"GetUpdates", "result":"DeleteReceived", "context":{"id":"a3bd7662-e6be-4665-8487-a6cb9047a002", "isDeleted:":"true", "version":"1674365456110"}}
{"logTime": "0122/234155", "correlationVector":"L/pbQKuGnMNR0p/VOR7VO/.128","action":"GetUpdates", "result":"DeleteReceived", "context":{"id":"47b4138e-4453-4f4b-a088-73dd1a398185", "isDeleted:":"true", "version":"1674365803527"}}
{"logTime": "0122/234155", "correlationVector":"L/pbQKuGnMNR0p/VOR7VO/.129","action":"GetUpdates", "result":"DeleteReceived", "context":{"id":"40d7414f-be32-4cf9-9792-99cf44c6322b", "isDeleted:":"true", "version":"1674365803529"}}
{"logTime": "0122/234155", "correlationVector":"L/pbQKuGnMNR0p/VOR7VO/.130","action":"GetUpdates", "result":"DeleteReceived", "context":{"id":"434ce04a-021c-4397-b59e-170cbd6ad91b", "isDeleted:":"true", "version":"1674365834551"}}
{"logTime": "0122/234155", "correlationVector":"L/pbQKuGnMNR0p/VOR7VO/.131","action":"GetUpdates", "result":"DeleteReceived", "context":{"id":"4e50633a-8832-4428-abec-10770204fccd", "isDeleted:":"true", "version":"1674365954840"}}
{"logTime": "0122/234155", "correlationVector":"L/pbQKuGnMNR0p/VOR7VO/.132","action":"GetUpdates", "result":"DeleteReceived", "context":{"id":"3af7d44c-39a0-42aa-91ae-ec120ab2bbe2", "isDeleted:":"true", "version":"1674365954841"}}
{"logTime": "0122/234155", "correlationVector":"L/pbQKuGnMNR0p/VOR7VO/.133","action":"GetUpdates", "result":"DeleteReceived", "context":{"id":"e523012e-2825-49a8-b608-c77eb42083b8", "isDeleted:":"true", "version":"1674365957589"}}
{"logTime": "0122/234155", "correlationVector":"L/pbQKuGnMNR0p/VOR7VO/.134","action":"GetUpdates", "result":"DeleteReceived", "context":{"id":"610c6801-9353-4e73-b670-039b8f73b872", "isDeleted:":"true", "version":"1674365957593"}}
{"logTime": "0122/234155", "correlationVector":"L/pbQKuGnMNR0p/VOR7VO/.135","action":"GetUpdates", "result":"DeleteReceived", "context":{"id":"d40c8943-0374-4979-b4cb-c0190bfa09e9", "isDeleted:":"true", "version":"1674406042581"}}
{"logTime": "0122/234155", "correlationVector":"L/pbQKuGnMNR0p/VOR7VO/.136","action":"GetUpdates", "result":"DeleteReceived", "context":{"id":"b067bb7c-e112-4e55-b68d-f46f2e896ee8", "isDeleted:":"true", "version":"1674406057419"}}
{"logTime": "0122/234155", "correlationVector":"L/pbQKuGnMNR0p/VOR7VO/.137","action":"GetUpdates", "result":"DeleteReceived", "context":{"id":"5dcede24-b473-4388-b740-7fbd6221cfc6", "isDeleted:":"true", "version":"1674406568747"}}
{"logTime": "0122/234155", "correlationVector":"L/pbQKuGnMNR0p/VOR7VO/.138","action":"GetUpdates", "result":"DeleteReceived", "context":{"id":"e32b585a-6fe1-45c2-9339-91a478775db9", "isDeleted:":"true", "version":"1674406568750"}}
{"logTime": "0122/234155", "correlationVector":"L/pbQKuGnMNR0p/VOR7VO/.139","action":"GetUpdates", "result":"DeleteReceived", "context":{"id":"f689aaec-b54f-4bd5-981e-0cb290a040b8", "isDeleted:":"true", "version":"1674406568751"}}
{"logTime": "0122/234155", "correlationVector":"L/pbQKuGnMNR0p/VOR7VO/.140","action":"GetUpdates", "result":"DeleteReceived", "context":{"id":"5075056d-df83-44bf-81df-671c5465235e", "isDeleted:":"true", "version":"1674406568753"}}
{"logTime": "0122/234155", "correlationVector":"L/pbQKuGnMNR0p/VOR7VO/.141","action":"GetUpdates", "result":"DeleteReceived", "context":{"id":"a46f50dd-37b8-445b-a662-ffc940042788", "isDeleted:":"true", "version":"1674406568754"}}
{"logTime": "0122/234155", "correlationVector":"L/pbQKuGnMNR0p/VOR7VO/.142","action":"GetUpdates", "result":"DeleteReceived", "context":{"id":"53b3cde3-6b5b-41d6-a3e3-fe1de7706def", "isDeleted:":"true", "version":"1674406568759"}}
{"logTime": "0122/234155", "correlationVector":"L/pbQKuGnMNR0p/VOR7VO/.143","action":"GetUpdates", "result":"DeleteReceived", "context":{"id":"85dd57ff-2638-4b45-b471-d8b279a75d26", "isDeleted:":"true", "version":"1674406568761"}}
{"logTime": "0122/234155", "correlationVector":"L/pbQKuGnMNR0p/VOR7VO/.144","action":"GetUpdates", "result":"DeleteReceived", "context":{"id":"8ac44a51-bb17-4ca3-9bc2-be98fd611056", "isDeleted:":"true", "version":"1674406568762"}}
{"logTime": "0122/234155", "correlationVector":"L/pbQKuGnMNR0p/VOR7VO/.145","action":"GetUpdates", "result":"DeleteReceived", "context":{"id":"c3876b3b-04c5-4621-81f4-886aa06766d4", "isDeleted:":"true", "version":"1674406568763"}}
{"logTime": "0122/234155", "correlationVector":"L/pbQKuGnMNR0p/VOR7VO/.146","action":"GetUpdates", "result":"DeleteReceived", "context":{"id":"14cab5cf-0533-41b3-b659-172162d289ed", "isDeleted:":"true", "version":"1674406568764"}}
{"logTime": "0122/234155", "correlationVector":"L/pbQKuGnMNR0p/VOR7VO/.147","action":"GetUpdates", "result":"DeleteReceived", "context":{"id":"60eace76-6f52-45f0-88e6-9eae5e90728e", "isDeleted:":"true", "version":"1674406568765"}}
{"logTime": "0122/234155", "correlationVector":"L/pbQKuGnMNR0p/VOR7VO/.148","action":"GetUpdates", "result":"DeleteReceived", "context":{"id":"53c9c97c-01e0-479f-8960-02b8080fb3a8", "isDeleted:":"true", "version":"1674406571353"}}
{"logTime": "0122/234155", "correlationVector":"L/pbQKuGnMNR0p/VOR7VO/.149","action":"GetUpdates", "result":"DeleteReceived", "context":{"id":"461942cb-b8b1-44b1-b2a8-38000386ef53", "isDeleted:":"true", "version":"1674406571354"}}
{"logTime": "0122/234155", "correlationVector":"L/pbQKuGnMNR0p/VOR7VO/.150","action":"GetUpdates", "result":"DeleteReceived", "context":{"id":"fa9969cb-97c1-4cdc-b7cd-fbf4c89b67e7", "isDeleted:":"true", "version":"1674406571356"}}
{"logTime": "0122/234155", "correlationVector":"L/pbQKuGnMNR0p/VOR7VO/.151","action":"GetUpdates", "result":"DeleteReceived", "context":{"id":"c4309919-8004-408d-9781-a5b33398fc93", "isDeleted:":"true", "version":"1674406571359"}}
{"logTime": "0122/234155", "correlationVector":"L/pbQKuGnMNR0p/VOR7VO/.152","action":"GetUpdates", "result":"DeleteReceived", "context":{"id":"cda5a48d-e7f7-404e-8b9f-0efecd50c382", "isDeleted:":"true", "version":"1674406571361"}}
{"logTime": "0122/234155", "correlationVector":"L/pbQKuGnMNR0p/VOR7VO/.153","action":"GetUpdates", "result":"DeleteReceived", "context":{"id":"75e422c2-6463-4c01-b100-85ab47757d6e", "isDeleted:":"true", "version":"1674406571365"}}
{"logTime": "0122/234155", "correlationVector":"L/pbQKuGnMNR0p/VOR7VO/.154","action":"GetUpdates", "result":"DeleteReceived", "context":{"id":"a280bea6-9a74-4f42-8a2c-7b4f89b30cfc", "isDeleted:":"true", "version":"1674406571366"}}
{"logTime": "0122/234155", "correlationVector":"L/pbQKuGnMNR0p/VOR7VO/.155","action":"GetUpdates", "result":"DeleteReceived", "context":{"id":"2261d103-8039-4a0a-a06e-e6601f314755", "isDeleted:":"true", "version":"1674406571368"}}
{"logTime": "0122/234155", "correlationVector":"L/pbQKuGnMNR0p/VOR7VO/.156","action":"GetUpdates", "result":"DeleteReceived", "context":{"id":"7698117f-2f28-4c45-a7aa-5e4504e1dfb3", "isDeleted:":"true", "version":"1674407390377"}}
{"logTime": "0122/234155", "correlationVector":"L/pbQKuGnMNR0p/VOR7VO/.157","action":"GetUpdates", "result":"DeleteReceived", "context":{"id":"8408c642-48a5-4302-90a1-792640f86164", "isDeleted:":"true", "version":"1674407390378"}}
{"logTime": "0122/234155", "correlationVector":"L/pbQKuGnMNR0p/VOR7VO/.158","action":"GetUpdates", "result":"DeleteReceived", "context":{"id":"443c9bf0-26d0-4a92-b873-e319a7fb57d6", "isDeleted:":"true", "version":"1674409777055"}}
{"logTime": "0122/234155", "correlationVector":"L/pbQKuGnMNR0p/VOR7VO/.159","action":"GetUpdates", "result":"DeleteReceived", "context":{"id":"da2eb37a-d61f-48bd-901b-b2b371681741", "isDeleted:":"true", "version":"1674409777057"}}
{"logTime": "0122/234155", "correlationVector":"L/pbQKuGnMNR0p/VOR7VO/.160","action":"GetUpdates", "result":"DeleteReceived", "context":{"id":"da288c20-aa5b-4276-b10a-91fa49cc5d5f", "isDeleted:":"true", "version":"1674411759726"}}
{"logTime": "0122/234155", "correlationVector":"L/pbQKuGnMNR0p/VOR7VO/.161","action":"GetUpdates", "result":"DeleteReceived", "context":{"id":"613a12af-e5ec-460c-81c6-c02d0747520b", "isDeleted:":"true", "version":"1674412108210"}}
{"logTime": "0122/234155", "correlationVector":"L/pbQKuGnMNR0p/VOR7VO/.162","action":"GetUpdates", "result":"DeleteReceived", "context":{"id":"c5d647bd-8872-49bf-aa68-6ff7a81a9506", "isDeleted:":"true", "version":"1674412233408"}}
{"logTime": "0122/234155", "correlationVector":"L/pbQKuGnMNR0p/VOR7VO/.163","action":"GetUpdates", "result":"DeleteReceived", "context":{"id":"9c36eb48-eff5-49dd-b62b-6fcd7362ef72", "isDeleted:":"true", "version":"1674414949609"}}
{"logTime": "0122/234155", "correlationVector":"L/pbQKuGnMNR0p/VOR7VO/.164","action":"GetUpdates", "result":"DeleteReceived", "context":{"id":"7e40ee01-edd9-4914-a952-03b31b0ddc30", "isDeleted:":"true", "version":"1674414949611"}}
{"logTime": "0122/234155", "correlationVector":"L/pbQKuGnMNR0p/VOR7VO/.165","action":"GetUpdates", "result":"DeleteReceived", "context":{"id":"d44838b3-840d-46f0-a859-0f0eff9a02a0", "isDeleted:":"true", "version":"1674414949612"}}
{"logTime": "0122/234155", "correlationVector":"L/pbQKuGnMNR0p/VOR7VO/.166","action":"GetUpdates", "result":"DeleteReceived", "context":{"id":"b729231e-6899-41cc-bfec-2073a1aba8af", "isDeleted:":"true", "version":"1674415347949"}}
{"logTime": "0122/234155", "correlationVector":"L/pbQKuGnMNR0p/VOR7VO/.167","action":"GetUpdates", "result":"DeleteReceived", "context":{"id":"35382336-c75e-4854-80fc-13e5aa6e342e", "isDeleted:":"true", "version":"1674415525846"}}
{"logTime": "0122/234155", "correlationVector":"L/pbQKuGnMNR0p/VOR7VO/.168","action":"GetUpdates", "result":"DeleteReceived", "context":{"id":"53f5c8a3-ff1d-4d1c-8ecd-037431a762de", "isDeleted:":"true", "version":"1674415525849"}}
{"logTime": "0122/234155", "correlationVector":"L/pbQKuGnMNR0p/VOR7VO/.169","action":"GetUpdates", "result":"DeleteReceived", "context":{"id":"d0fb6541-4326-4a04-bc7e-8ff17ce48906", "isDeleted:":"true", "version":"1674415525850"}}
{"logTime": "0122/234155", "correlationVector":"L/pbQKuGnMNR0p/VOR7VO/.170","action":"GetUpdates", "result":"DeleteReceived", "context":{"id":"1ac63be1-4910-46da-adcb-e3d333c5fe26", "isDeleted:":"true", "version":"1674416002459"}}
{"logTime": "0122/234155", "correlationVector":"L/pbQKuGnMNR0p/VOR7VO/.171","action":"GetUpdates", "result":"DeleteReceived", "context":{"id":"e7e1fef0-0a5b-482c-a840-dcb3f78a4884", "isDeleted:":"true", "version":"1674416002460"}}
{"logTime": "0122/234155", "correlationVector":"L/pbQKuGnMNR0p/VOR7VO/.172","action":"GetUpdates", "result":"DeleteReceived", "context":{"id":"4924723b-b9fb-41ee-9c36-1bee95a55220", "isDeleted:":"true", "version":"1674416002461"}}
{"logTime": "0122/234155", "correlationVector":"L/pbQKuGnMNR0p/VOR7VO/.173","action":"GetUpdates", "result":"DeleteReceived", "context":{"id":"883fcafd-2b9f-427b-b48f-598ef6831bab", "isDeleted:":"true", "version":"1674419291182"}}
{"logTime": "0122/234155", "correlationVector":"L/pbQKuGnMNR0p/VOR7VO/.174","action":"GetUpdates", "result":"DeleteReceived", "context":{"id":"c2857c45-06b3-40cd-bf06-3a068295e7d0", "isDeleted:":"true", "version":"1674419335896"}}
{"logTime": "0122/234155", "correlationVector":"L/pbQKuGnMNR0p/VOR7VO/.175","action":"GetUpdates", "result":"DeleteReceived", "context":{"id":"f093928f-2a1b-4b37-985e-c090df5a0723", "isDeleted:":"true", "version":"1674419543308"}}
{"logTime": "0122/234155", "correlationVector":"L/pbQKuGnMNR0p/VOR7VO/.176","action":"GetUpdates", "result":"DeleteReceived", "context":{"id":"dbee526c-4bc7-4015-96d5-8b1c089b137a", "isDeleted:":"true", "version":"1674419543309"}}
{"logTime": "0122/234155", "correlationVector":"L/pbQKuGnMNR0p/VOR7VO/.177","action":"GetUpdates", "result":"DeleteReceived", "context":{"id":"3afe4fe9-bb50-454a-a980-7e99d8fcf8ce", "isDeleted:":"true", "version":"1674419543311"}}
{"logTime": "0122/234155", "correlationVector":"L/pbQKuGnMNR0p/VOR7VO/.178","action":"GetUpdates", "result":"DeleteReceived", "context":{"id":"3db8c7ec-1ccb-445b-b071-c9d32ae220f0", "isDeleted:":"true", "version":"1674421956019"}}
{"logTime": "0122/234155", "correlationVector":"L/pbQKuGnMNR0p/VOR7VO/.179","action":"GetUpdates", "result":"DeleteReceived", "context":{"id":"10c5a084-39d1-4210-a3fa-0b0edef33211", "isDeleted:":"true", "version":"1674421956021"}}
{"logTime": "0122/234155", "correlationVector":"L/pbQKuGnMNR0p/VOR7VO/.180","action":"GetUpdates", "result":"DeleteReceived", "context":{"id":"2ee4e70c-c6fd-4875-8e84-60f369218fa7", "isDeleted:":"true", "version":"1674423526075"}}
{"logTime": "0122/234155", "correlationVector":"L/pbQKuGnMNR0p/VOR7VO/.181","action":"GetUpdates", "result":"DeleteReceived", "context":{"id":"4f4d2130-cbd1-4354-bd5a-73e76cf89519", "isDeleted:":"true", "version":"1674425897975"}}
{"logTime": "0122/234155", "correlationVector":"L/pbQKuGnMNR0p/VOR7VO/.182","action":"GetUpdates", "result":"DeleteReceived", "context":{"id":"7d2408f5-854e-4fe4-8487-e9474006f99a", "isDeleted:":"true", "version":"1674427469430"}}
{"logTime": "0122/234155", "correlationVector":"L/pbQKuGnMNR0p/VOR7VO/.183","action":"GetUpdates", "result":"DeleteReceived", "context":{"id":"b33fb1d6-bdb8-4aea-bbe9-8b3c4cd73790", "isDeleted:":"true", "version":"1674427590950"}}
{"logTime": "0122/234155", "correlationVector":"L/pbQKuGnMNR0p/VOR7VO/.184","action":"GetUpdates", "result":"DeleteReceived", "context":{"id":"c002e1f3-3f6b-48aa-b1f7-a1a4eb727b74", "isDeleted:":"true", "version":"1674427590952"}}
{"logTime": "0122/234155", "correlationVector":"L/pbQKuGnMNR0p/VOR7VO/.185","action":"GetUpdates", "result":"DeleteReceived", "context":{"id":"0ba16828-420e-4810-8c55-1795a7219fff", "isDeleted:":"true", "version":"1674427590953"}}
{"logTime": "0122/234155", "correlationVector":"L/pbQKuGnMNR0p/VOR7VO/.186","action":"GetUpdates", "result":"DeleteReceived", "context":{"id":"5399d799-7e33-4d02-bcde-232b865675c4", "isDeleted:":"true", "version":"1674427590954"}}
{"logTime": "0122/234155", "correlationVector":"L/pbQKuGnMNR0p/VOR7VO/.187","action":"GetUpdates", "result":"DeleteReceived", "context":{"id":"6ebf516a-cd2f-455d-941b-98f0723dd096", "isDeleted:":"true", "version":"1674427692605"}}
{"logTime": "0122/234155", "correlationVector":"L/pbQKuGnMNR0p/VOR7VO/.188","action":"GetUpdates", "result":"DeleteReceived", "context":{"id":"86e135c7-4b5e-4ea1-9e2e-ef77235a9e33", "isDeleted:":"true", "version":"1674429202513"}}
{"logTime": "0122/234155", "correlationVector":"L/pbQKuGnMNR0p/VOR7VO/.189","action":"GetUpdates", "result":"DeleteReceived", "context":{"id":"a84bbd65-6035-4064-a3d3-800e7a6a26d7", "isDeleted:":"true", "version":"1674429202514"}}
{"logTime": "0122/234155", "correlationVector":"L/pbQKuGnMNR0p/VOR7VO/.190","action":"GetUpdates", "result":"DeleteReceived", "context":{"id":"01346212-8ac7-4485-90ad-18d095fb17ab", "isDeleted:":"true", "version":"1674429202515"}}
{"logTime": "0122/234155", "correlationVector":"L/pbQKuGnMNR0p/VOR7VO/.191","action":"GetUpdates", "result":"DeleteReceived", "context":{"id":"e54ab625-cdd8-4478-a129-ca46aa9976bd", "isDeleted:":"true", "version":"1674429202517"}}
{"logTime": "0122/234155", "correlationVector":"L/pbQKuGnMNR0p/VOR7VO/.192","action":"GetUpdates Response", "result":"SERVER_MORE_TO_DOWNLOAD", "context":Received 250 update(s).  Some updates remain.}
{"logTime": "0122/234155", "correlationVector":"45SUm4SMT0s8Y96SiICExW","action":"Normal GetUpdate request", "result":"", "context":cV=45SUm4SMT0s8Y96SiICExW
Nudged types: Sessions}
{"logTime": "0122/234155", "correlationVector":"45SUm4SMT0s8Y96SiICExW.1","action":"SyncServerConnectionManagerRequest", "result":"SYNC_SERVER_OK", "context":{"environment":"Prod_EastUS2_000e", "server":"general01000002"}}
{"logTime": "0122/234155", "correlationVector":"45SUm4SMT0s8Y96SiICExW.2","action":"GetUpdates", "result":"DeleteReceived", "context":{"id":"be4f5e85-4a81-4e25-961a-53e55c9d6cd8", "isDeleted:":"true", "version":"1674429202520"}}
{"logTime": "0122/234155", "correlationVector":"45SUm4SMT0s8Y96SiICExW.3","action":"GetUpdates", "result":"DeleteReceived", "context":{"id":"3b3095f3-c333-44c5-8453-e9e897dff6e1", "isDeleted:":"true", "version":"1674429202521"}}
{"logTime": "0122/234155", "correlationVector":"45SUm4SMT0s8Y96SiICExW.4","action":"GetUpdates", "result":"DeleteReceived", "context":{"id":"11fe9ac5-b067-440a-93da-519abb142bd6", "isDeleted:":"true", "version":"1674429202522"}}
{"logTime": "0122/234155", "correlationVector":"45SUm4SMT0s8Y96SiICExW.5","action":"GetUpdates", "result":"DeleteReceived", "context":{"id":"00326be3-6a03-4cfb-9a77-d2e9edde6fce", "isDeleted:":"true", "version":"1674429272467"}}
{"logTime": "0122/234155", "correlationVector":"45SUm4SMT0s8Y96SiICExW.6","action":"GetUpdates", "result":"DeleteReceived", "context":{"id":"ab3b0a85-244c-46e1-b011-823683310ef6", "isDeleted:":"true", "version":"1674429272468"}}
{"logTime": "0122/234155", "correlationVector":"45SUm4SMT0s8Y96SiICExW.7","action":"GetUpdates", "result":"DeleteReceived", "context":{"id":"8727e1b9-0ab7-455c-a65a-84f7bf80a705", "isDeleted:":"true", "version":"1674430870276"}}
{"logTime": "0122/234155", "correlationVector":"45SUm4SMT0s8Y96SiICExW.8","action":"GetUpdates Response", "result":"SYNCER_OK", "context":Received 16 update(s). cV=45SUm4SMT0s8Y96SiICExW.0;server=general01000002;cloudType=Consumer;environment=Prod_EastUS2_000e}
{"logTime": "0122/234155", "correlationVector":"5a7K9SDUgJya4ouC++GyFB","action":"Commit Request", "result":"", "context":Item count: 2
Contributing types: Sessions}
{"logTime": "0122/234156", "correlationVector":"5a7K9SDUgJya4ouC++GyFB.1","action":"SyncServerConnectionManagerRequest", "result":"SYNC_SERVER_OK", "context":{"environment":"Prod_EastUS2_000e", "server":"general0100000X"}}
{"logTime": "0122/234156", "correlationVector":"5a7K9SDUgJya4ouC++GyFB.3","action":"Commit.Sessions", "result":"Success", "context":{"id":"41d53476-f84f-4515-8bd3-ca478a398ad8", "isDeleted":"true", "size":"0", "version":"1674430872885"}}
{"logTime": "0122/234156", "correlationVector":"5a7K9SDUgJya4ouC++GyFB.2","action":"Commit Response", "result":"SYNCER_OK", "context":Result: SYNCER_OK. cV=5a7K9SDUgJya4ouC++GyFB.0;server=general0100000X;cloudType=Consumer;environment=Prod_EastUS2_000e}
{"logTime": "0122/235151", "correlationVector":"icg7QFcJApGT+LLwzfo5Ec","action":"Commit Request", "result":"", "context":Item count: 1
Contributing types: Sessions}
{"logTime": "0122/235152", "correlationVector":"icg7QFcJApGT+LLwzfo5Ec.1","action":"SyncServerConnectionManagerRequest", "result":"SYNC_SERVER_OK", "context":{"environment":"Prod_EastUS2_000e", "server":"general0100001X"}}
{"logTime": "0122/235152", "correlationVector":"icg7QFcJApGT+LLwzfo5Ec.2","action":"Commit Response", "result":"SYNCER_OK", "context":Result: SYNCER_OK. cV=icg7QFcJApGT+LLwzfo5Ec.0;server=general0100001X;cloudType=Consumer;environment=Prod_EastUS2_000e}
